<?xml version="1.0" encoding="UTF-8"?>
<!-- Generated by org.testng.reporters.JUnitReportReporter -->
<testsuite hostname="Algorithmic-PC" name="com.whs.TestScript.Verify_Home_Page" tests="1" failures="0" timestamp="14 Sep 2017 14:20:45 GMT" time="57.648" errors="0">
  <testcase name="home" time="57.648" classname="com.whs.TestScript.Verify_Home_Page"/>
</testsuite> <!-- com.whs.TestScript.Verify_Home_Page -->
