<?xml version="1.0" encoding="UTF-8"?>
<!-- Generated by org.testng.reporters.JUnitReportReporter -->
<testsuite hostname="Algorithmic-PC" name="com.whs.TestScript.Verify_Home_Page" tests="1" failures="0" timestamp="19 Sep 2017 05:21:27 GMT" time="40.522" errors="0">
  <testcase name="home" time="40.522" classname="com.whs.TestScript.Verify_Home_Page"/>
</testsuite> <!-- com.whs.TestScript.Verify_Home_Page -->
