<?xml version="1.0" encoding="UTF-8"?>
<!-- Generated by org.testng.reporters.JUnitReportReporter -->
<testsuite hostname="Algorithmic-PC" name="com.whs.TestScript.Verify_Home_Page" tests="1" failures="0" timestamp="11 Sep 2017 13:34:42 GMT" time="26.880" errors="0">
  <testcase name="home" time="26.880" classname="com.whs.TestScript.Verify_Home_Page"/>
</testsuite> <!-- com.whs.TestScript.Verify_Home_Page -->
